<?xml version="1.0" encoding="UTF-8"?>
<testng-results ignored="1" total="1" passed="0" failed="0" skipped="0">
  <reporter-output>
  </reporter-output>
  <suite started-at="2021-04-22T12:34:19Z" name="All Test Suite" finished-at="2021-04-22T12:34:19Z" duration-ms="2">
    <groups>
    </groups>
    <test started-at="2021-04-22T12:34:19Z" name="src/main/java/stepdefinitions/DefinitionSteps.java" finished-at="2021-04-22T12:34:19Z" duration-ms="2">
    </test> <!-- src/main/java/stepdefinitions/DefinitionSteps.java -->
  </suite> <!-- All Test Suite -->
</testng-results>
